[2021-10-02 03:51:42,036] multiqc                                            [DEBUG  ]  No MultiQC config found: /n/app/bcbio/dev/anaconda/lib/python3.6/site-packages/multiqc_config.yaml
[2021-10-02 03:51:42,036] multiqc                                            [DEBUG  ]  No MultiQC config found: /home/bs218/.multiqc_config.yaml
[2021-10-02 03:51:42,039] multiqc                                            [DEBUG  ]  Loading config settings from: multiqc_config.yaml
[2021-10-02 03:51:42,040] multiqc                                            [DEBUG  ]  New config 'bcftools': {'write_separate_table': True}
[2021-10-02 03:51:42,040] multiqc                                            [DEBUG  ]  Added to filename clean trimmings: ['coverage.mosdepth.region.dist', 'coverage.mosdepth.global.dist']
[2021-10-02 03:51:42,040] multiqc                                            [DEBUG  ]  New config 'module_order': ['bcbio', 'samtools', 'goleft_indexcov', 'peddy', 'bcftools', 'salmon', 'star', 'picard', 'qualimap', 'snpeff', 'bismark', 'fastqc', 'preseq']
[2021-10-02 03:51:42,040] multiqc                                            [DEBUG  ]  New config 'table_columns_visible': {'Peddy': {'error_sex_check': False, 'family_id': False, 'sex_het_ratio': False}}
[2021-10-02 03:51:42,043] multiqc                                            [DEBUG  ]  Loading config settings from: /n/scratch3/users/b/bs218/ATAC-Seq_Processing/kras_colon/work/qc/multiqc/multiqc_config.yaml
[2021-10-02 03:51:42,043] multiqc                                            [DEBUG  ]  New config 'bcftools': {'write_separate_table': True}
[2021-10-02 03:51:42,043] multiqc                                            [DEBUG  ]  Added to filename clean trimmings: ['coverage.mosdepth.region.dist', 'coverage.mosdepth.global.dist']
[2021-10-02 03:51:42,043] multiqc                                            [DEBUG  ]  New config 'module_order': ['bcbio', 'samtools', 'goleft_indexcov', 'peddy', 'bcftools', 'salmon', 'star', 'picard', 'qualimap', 'snpeff', 'bismark', 'fastqc', 'preseq']
[2021-10-02 03:51:42,043] multiqc                                            [DEBUG  ]  New config 'table_columns_visible': {'Peddy': {'error_sex_check': False, 'family_id': False, 'sex_het_ratio': False}}
[2021-10-02 03:51:42,043] multiqc                                            [DEBUG  ]  Command used: /n/app/bcbio/dev/anaconda/bin/multiqc -c /n/scratch3/users/b/bs218/ATAC-Seq_Processing/kras_colon/work/qc/multiqc/multiqc_config.yaml -f -l /n/scratch3/users/b/bs218/ATAC-Seq_Processing/kras_colon/work/qc/multiqc/list_files.txt -o /n/scratch3/users/b/bs218/ATAC-Seq_Processing/kras_colon/work/bcbiotx/tmprkhpnxda
[2021-10-02 03:51:43,673] multiqc                                            [WARNING]  MultiQC Version v1.11 now available!
[2021-10-02 03:51:43,673] multiqc                                            [INFO   ]  This is MultiQC v1.9
[2021-10-02 03:51:43,673] multiqc                                            [DEBUG  ]  Command     : /n/app/bcbio/dev/anaconda/bin/multiqc -c /n/scratch3/users/b/bs218/ATAC-Seq_Processing/kras_colon/work/qc/multiqc/multiqc_config.yaml -f -l /n/scratch3/users/b/bs218/ATAC-Seq_Processing/kras_colon/work/qc/multiqc/list_files.txt -o /n/scratch3/users/b/bs218/ATAC-Seq_Processing/kras_colon/work/bcbiotx/tmprkhpnxda
[2021-10-02 03:51:43,673] multiqc                                            [DEBUG  ]  Working dir : /n/scratch3/users/b/bs218/ATAC-Seq_Processing/kras_colon/work/qc/multiqc
[2021-10-02 03:51:43,674] multiqc                                            [INFO   ]  Template    : default
[2021-10-02 03:51:43,674] multiqc                                            [DEBUG  ]  Running Python 3.6.10 | packaged by conda-forge | (default, Apr 24 2020, 16:42:08)  [GCC 7.3.0]
[2021-10-02 03:51:43,723] multiqc                                            [INFO   ]  Searching   : /n/scratch3/users/b/bs218/ATAC-Seq_Processing/kras_colon/work/qc/Kras_colon_rep1/fastqc/Kras_colon_rep1.zip
[2021-10-02 03:51:43,723] multiqc                                            [INFO   ]  Searching   : /n/scratch3/users/b/bs218/ATAC-Seq_Processing/kras_colon/work/qc/Kras_colon_rep1/fastqc/Per_base_N_content.tsv
[2021-10-02 03:51:43,723] multiqc                                            [INFO   ]  Searching   : /n/scratch3/users/b/bs218/ATAC-Seq_Processing/kras_colon/work/qc/Kras_colon_rep1/fastqc/Per_base_sequence_content.tsv
[2021-10-02 03:51:43,723] multiqc                                            [INFO   ]  Searching   : /n/scratch3/users/b/bs218/ATAC-Seq_Processing/kras_colon/work/qc/Kras_colon_rep1/fastqc/Per_base_sequence_quality.tsv
[2021-10-02 03:51:43,723] multiqc                                            [INFO   ]  Searching   : /n/scratch3/users/b/bs218/ATAC-Seq_Processing/kras_colon/work/qc/Kras_colon_rep1/fastqc/Per_sequence_GC_content.tsv
[2021-10-02 03:51:43,723] multiqc                                            [INFO   ]  Searching   : /n/scratch3/users/b/bs218/ATAC-Seq_Processing/kras_colon/work/qc/Kras_colon_rep1/fastqc/Per_sequence_quality_scores.tsv
[2021-10-02 03:51:43,723] multiqc                                            [INFO   ]  Searching   : /n/scratch3/users/b/bs218/ATAC-Seq_Processing/kras_colon/work/qc/Kras_colon_rep1/fastqc/Per_tile_sequence_quality.tsv
[2021-10-02 03:51:43,724] multiqc                                            [INFO   ]  Searching   : /n/scratch3/users/b/bs218/ATAC-Seq_Processing/kras_colon/work/qc/Kras_colon_rep1/fastqc/Sequence_Length_Distribution.tsv
[2021-10-02 03:51:43,724] multiqc                                            [INFO   ]  Searching   : /n/scratch3/users/b/bs218/ATAC-Seq_Processing/kras_colon/work/qc/Kras_colon_rep1/fastqc/fastqc_data.txt
[2021-10-02 03:51:43,724] multiqc                                            [INFO   ]  Searching   : /n/scratch3/users/b/bs218/ATAC-Seq_Processing/kras_colon/work/qc/Kras_colon_rep1/fastqc/fastqc_report.html
[2021-10-02 03:51:43,724] multiqc                                            [INFO   ]  Searching   : /n/scratch3/users/b/bs218/ATAC-Seq_Processing/kras_colon/work/qc/Kras_colon_rep1/samtools/Kras_colon_rep1-idxstats.txt
[2021-10-02 03:51:43,724] multiqc                                            [INFO   ]  Searching   : /n/scratch3/users/b/bs218/ATAC-Seq_Processing/kras_colon/work/qc/Kras_colon_rep1/samtools/Kras_colon_rep1.txt
[2021-10-02 03:51:43,724] multiqc                                            [INFO   ]  Searching   : /n/scratch3/users/b/bs218/ATAC-Seq_Processing/kras_colon/work/qc/Kras_colon_rep2/fastqc/Kras_colon_rep2.zip
[2021-10-02 03:51:43,724] multiqc                                            [INFO   ]  Searching   : /n/scratch3/users/b/bs218/ATAC-Seq_Processing/kras_colon/work/qc/Kras_colon_rep2/fastqc/Per_base_N_content.tsv
[2021-10-02 03:51:43,724] multiqc                                            [INFO   ]  Searching   : /n/scratch3/users/b/bs218/ATAC-Seq_Processing/kras_colon/work/qc/Kras_colon_rep2/fastqc/Per_base_sequence_content.tsv
[2021-10-02 03:51:43,724] multiqc                                            [INFO   ]  Searching   : /n/scratch3/users/b/bs218/ATAC-Seq_Processing/kras_colon/work/qc/Kras_colon_rep2/fastqc/Per_base_sequence_quality.tsv
[2021-10-02 03:51:43,724] multiqc                                            [INFO   ]  Searching   : /n/scratch3/users/b/bs218/ATAC-Seq_Processing/kras_colon/work/qc/Kras_colon_rep2/fastqc/Per_sequence_GC_content.tsv
[2021-10-02 03:51:43,725] multiqc                                            [INFO   ]  Searching   : /n/scratch3/users/b/bs218/ATAC-Seq_Processing/kras_colon/work/qc/Kras_colon_rep2/fastqc/Per_sequence_quality_scores.tsv
[2021-10-02 03:51:43,725] multiqc                                            [INFO   ]  Searching   : /n/scratch3/users/b/bs218/ATAC-Seq_Processing/kras_colon/work/qc/Kras_colon_rep2/fastqc/Per_tile_sequence_quality.tsv
[2021-10-02 03:51:43,725] multiqc                                            [INFO   ]  Searching   : /n/scratch3/users/b/bs218/ATAC-Seq_Processing/kras_colon/work/qc/Kras_colon_rep2/fastqc/Sequence_Length_Distribution.tsv
[2021-10-02 03:51:43,725] multiqc                                            [INFO   ]  Searching   : /n/scratch3/users/b/bs218/ATAC-Seq_Processing/kras_colon/work/qc/Kras_colon_rep2/fastqc/fastqc_data.txt
[2021-10-02 03:51:43,725] multiqc                                            [INFO   ]  Searching   : /n/scratch3/users/b/bs218/ATAC-Seq_Processing/kras_colon/work/qc/Kras_colon_rep2/fastqc/fastqc_report.html
[2021-10-02 03:51:43,725] multiqc                                            [INFO   ]  Searching   : /n/scratch3/users/b/bs218/ATAC-Seq_Processing/kras_colon/work/qc/Kras_colon_rep2/samtools/Kras_colon_rep2-idxstats.txt
[2021-10-02 03:51:43,725] multiqc                                            [INFO   ]  Searching   : /n/scratch3/users/b/bs218/ATAC-Seq_Processing/kras_colon/work/qc/Kras_colon_rep2/samtools/Kras_colon_rep2.txt
[2021-10-02 03:51:43,725] multiqc                                            [INFO   ]  Searching   : /n/scratch3/users/b/bs218/ATAC-Seq_Processing/kras_colon/work/qc/Kras_colon_rep3/fastqc/Kras_colon_rep3.zip
[2021-10-02 03:51:43,725] multiqc                                            [INFO   ]  Searching   : /n/scratch3/users/b/bs218/ATAC-Seq_Processing/kras_colon/work/qc/Kras_colon_rep3/fastqc/Per_base_N_content.tsv
[2021-10-02 03:51:43,725] multiqc                                            [INFO   ]  Searching   : /n/scratch3/users/b/bs218/ATAC-Seq_Processing/kras_colon/work/qc/Kras_colon_rep3/fastqc/Per_base_sequence_content.tsv
[2021-10-02 03:51:43,725] multiqc                                            [INFO   ]  Searching   : /n/scratch3/users/b/bs218/ATAC-Seq_Processing/kras_colon/work/qc/Kras_colon_rep3/fastqc/Per_base_sequence_quality.tsv
[2021-10-02 03:51:43,726] multiqc                                            [INFO   ]  Searching   : /n/scratch3/users/b/bs218/ATAC-Seq_Processing/kras_colon/work/qc/Kras_colon_rep3/fastqc/Per_sequence_GC_content.tsv
[2021-10-02 03:51:43,726] multiqc                                            [INFO   ]  Searching   : /n/scratch3/users/b/bs218/ATAC-Seq_Processing/kras_colon/work/qc/Kras_colon_rep3/fastqc/Per_sequence_quality_scores.tsv
[2021-10-02 03:51:43,726] multiqc                                            [INFO   ]  Searching   : /n/scratch3/users/b/bs218/ATAC-Seq_Processing/kras_colon/work/qc/Kras_colon_rep3/fastqc/Per_tile_sequence_quality.tsv
[2021-10-02 03:51:43,726] multiqc                                            [INFO   ]  Searching   : /n/scratch3/users/b/bs218/ATAC-Seq_Processing/kras_colon/work/qc/Kras_colon_rep3/fastqc/Sequence_Length_Distribution.tsv
[2021-10-02 03:51:43,726] multiqc                                            [INFO   ]  Searching   : /n/scratch3/users/b/bs218/ATAC-Seq_Processing/kras_colon/work/qc/Kras_colon_rep3/fastqc/fastqc_data.txt
[2021-10-02 03:51:43,726] multiqc                                            [INFO   ]  Searching   : /n/scratch3/users/b/bs218/ATAC-Seq_Processing/kras_colon/work/qc/Kras_colon_rep3/fastqc/fastqc_report.html
[2021-10-02 03:51:43,726] multiqc                                            [INFO   ]  Searching   : /n/scratch3/users/b/bs218/ATAC-Seq_Processing/kras_colon/work/qc/Kras_colon_rep3/samtools/Kras_colon_rep3-idxstats.txt
[2021-10-02 03:51:43,726] multiqc                                            [INFO   ]  Searching   : /n/scratch3/users/b/bs218/ATAC-Seq_Processing/kras_colon/work/qc/Kras_colon_rep3/samtools/Kras_colon_rep3.txt
[2021-10-02 03:51:43,726] multiqc                                            [INFO   ]  Searching   : /n/scratch3/users/b/bs218/ATAC-Seq_Processing/kras_colon/work/qc/Kras_tumor_rep1/fastqc/Kras_tumor_rep1.zip
[2021-10-02 03:51:43,726] multiqc                                            [INFO   ]  Searching   : /n/scratch3/users/b/bs218/ATAC-Seq_Processing/kras_colon/work/qc/Kras_tumor_rep1/fastqc/Per_base_N_content.tsv
[2021-10-02 03:51:43,727] multiqc                                            [INFO   ]  Searching   : /n/scratch3/users/b/bs218/ATAC-Seq_Processing/kras_colon/work/qc/Kras_tumor_rep1/fastqc/Per_base_sequence_content.tsv
[2021-10-02 03:51:43,727] multiqc                                            [INFO   ]  Searching   : /n/scratch3/users/b/bs218/ATAC-Seq_Processing/kras_colon/work/qc/Kras_tumor_rep1/fastqc/Per_base_sequence_quality.tsv
[2021-10-02 03:51:43,727] multiqc                                            [INFO   ]  Searching   : /n/scratch3/users/b/bs218/ATAC-Seq_Processing/kras_colon/work/qc/Kras_tumor_rep1/fastqc/Per_sequence_GC_content.tsv
[2021-10-02 03:51:43,727] multiqc                                            [INFO   ]  Searching   : /n/scratch3/users/b/bs218/ATAC-Seq_Processing/kras_colon/work/qc/Kras_tumor_rep1/fastqc/Per_sequence_quality_scores.tsv
[2021-10-02 03:51:43,727] multiqc                                            [INFO   ]  Searching   : /n/scratch3/users/b/bs218/ATAC-Seq_Processing/kras_colon/work/qc/Kras_tumor_rep1/fastqc/Per_tile_sequence_quality.tsv
[2021-10-02 03:51:43,727] multiqc                                            [INFO   ]  Searching   : /n/scratch3/users/b/bs218/ATAC-Seq_Processing/kras_colon/work/qc/Kras_tumor_rep1/fastqc/Sequence_Length_Distribution.tsv
[2021-10-02 03:51:43,727] multiqc                                            [INFO   ]  Searching   : /n/scratch3/users/b/bs218/ATAC-Seq_Processing/kras_colon/work/qc/Kras_tumor_rep1/fastqc/fastqc_data.txt
[2021-10-02 03:51:43,727] multiqc                                            [INFO   ]  Searching   : /n/scratch3/users/b/bs218/ATAC-Seq_Processing/kras_colon/work/qc/Kras_tumor_rep1/fastqc/fastqc_report.html
[2021-10-02 03:51:43,727] multiqc                                            [INFO   ]  Searching   : /n/scratch3/users/b/bs218/ATAC-Seq_Processing/kras_colon/work/qc/Kras_tumor_rep1/samtools/Kras_tumor_rep1-idxstats.txt
[2021-10-02 03:51:43,727] multiqc                                            [INFO   ]  Searching   : /n/scratch3/users/b/bs218/ATAC-Seq_Processing/kras_colon/work/qc/Kras_tumor_rep1/samtools/Kras_tumor_rep1.txt
[2021-10-02 03:51:43,728] multiqc                                            [INFO   ]  Searching   : /n/scratch3/users/b/bs218/ATAC-Seq_Processing/kras_colon/work/qc/Kras_tumor_rep2/fastqc/Kras_tumor_rep2.zip
[2021-10-02 03:51:43,728] multiqc                                            [INFO   ]  Searching   : /n/scratch3/users/b/bs218/ATAC-Seq_Processing/kras_colon/work/qc/Kras_tumor_rep2/fastqc/Per_base_N_content.tsv
[2021-10-02 03:51:43,728] multiqc                                            [INFO   ]  Searching   : /n/scratch3/users/b/bs218/ATAC-Seq_Processing/kras_colon/work/qc/Kras_tumor_rep2/fastqc/Per_base_sequence_content.tsv
[2021-10-02 03:51:43,728] multiqc                                            [INFO   ]  Searching   : /n/scratch3/users/b/bs218/ATAC-Seq_Processing/kras_colon/work/qc/Kras_tumor_rep2/fastqc/Per_base_sequence_quality.tsv
[2021-10-02 03:51:43,728] multiqc                                            [INFO   ]  Searching   : /n/scratch3/users/b/bs218/ATAC-Seq_Processing/kras_colon/work/qc/Kras_tumor_rep2/fastqc/Per_sequence_GC_content.tsv
[2021-10-02 03:51:43,728] multiqc                                            [INFO   ]  Searching   : /n/scratch3/users/b/bs218/ATAC-Seq_Processing/kras_colon/work/qc/Kras_tumor_rep2/fastqc/Per_sequence_quality_scores.tsv
[2021-10-02 03:51:43,728] multiqc                                            [INFO   ]  Searching   : /n/scratch3/users/b/bs218/ATAC-Seq_Processing/kras_colon/work/qc/Kras_tumor_rep2/fastqc/Per_tile_sequence_quality.tsv
[2021-10-02 03:51:43,728] multiqc                                            [INFO   ]  Searching   : /n/scratch3/users/b/bs218/ATAC-Seq_Processing/kras_colon/work/qc/Kras_tumor_rep2/fastqc/Sequence_Length_Distribution.tsv
[2021-10-02 03:51:43,728] multiqc                                            [INFO   ]  Searching   : /n/scratch3/users/b/bs218/ATAC-Seq_Processing/kras_colon/work/qc/Kras_tumor_rep2/fastqc/fastqc_data.txt
[2021-10-02 03:51:43,728] multiqc                                            [INFO   ]  Searching   : /n/scratch3/users/b/bs218/ATAC-Seq_Processing/kras_colon/work/qc/Kras_tumor_rep2/fastqc/fastqc_report.html
[2021-10-02 03:51:43,728] multiqc                                            [INFO   ]  Searching   : /n/scratch3/users/b/bs218/ATAC-Seq_Processing/kras_colon/work/qc/Kras_tumor_rep2/samtools/Kras_tumor_rep2-idxstats.txt
[2021-10-02 03:51:43,729] multiqc                                            [INFO   ]  Searching   : /n/scratch3/users/b/bs218/ATAC-Seq_Processing/kras_colon/work/qc/Kras_tumor_rep2/samtools/Kras_tumor_rep2.txt
[2021-10-02 03:51:43,729] multiqc                                            [INFO   ]  Searching   : /n/scratch3/users/b/bs218/ATAC-Seq_Processing/kras_colon/work/qc/Kras_tumor_rep3/fastqc/Kras_tumor_rep3.zip
[2021-10-02 03:51:43,729] multiqc                                            [INFO   ]  Searching   : /n/scratch3/users/b/bs218/ATAC-Seq_Processing/kras_colon/work/qc/Kras_tumor_rep3/fastqc/Per_base_N_content.tsv
[2021-10-02 03:51:43,729] multiqc                                            [INFO   ]  Searching   : /n/scratch3/users/b/bs218/ATAC-Seq_Processing/kras_colon/work/qc/Kras_tumor_rep3/fastqc/Per_base_sequence_content.tsv
[2021-10-02 03:51:43,729] multiqc                                            [INFO   ]  Searching   : /n/scratch3/users/b/bs218/ATAC-Seq_Processing/kras_colon/work/qc/Kras_tumor_rep3/fastqc/Per_base_sequence_quality.tsv
[2021-10-02 03:51:43,729] multiqc                                            [INFO   ]  Searching   : /n/scratch3/users/b/bs218/ATAC-Seq_Processing/kras_colon/work/qc/Kras_tumor_rep3/fastqc/Per_sequence_GC_content.tsv
[2021-10-02 03:51:43,729] multiqc                                            [INFO   ]  Searching   : /n/scratch3/users/b/bs218/ATAC-Seq_Processing/kras_colon/work/qc/Kras_tumor_rep3/fastqc/Per_sequence_quality_scores.tsv
[2021-10-02 03:51:43,729] multiqc                                            [INFO   ]  Searching   : /n/scratch3/users/b/bs218/ATAC-Seq_Processing/kras_colon/work/qc/Kras_tumor_rep3/fastqc/Per_tile_sequence_quality.tsv
[2021-10-02 03:51:43,729] multiqc                                            [INFO   ]  Searching   : /n/scratch3/users/b/bs218/ATAC-Seq_Processing/kras_colon/work/qc/Kras_tumor_rep3/fastqc/Sequence_Length_Distribution.tsv
[2021-10-02 03:51:43,729] multiqc                                            [INFO   ]  Searching   : /n/scratch3/users/b/bs218/ATAC-Seq_Processing/kras_colon/work/qc/Kras_tumor_rep3/fastqc/fastqc_data.txt
[2021-10-02 03:51:43,730] multiqc                                            [INFO   ]  Searching   : /n/scratch3/users/b/bs218/ATAC-Seq_Processing/kras_colon/work/qc/Kras_tumor_rep3/fastqc/fastqc_report.html
[2021-10-02 03:51:43,730] multiqc                                            [INFO   ]  Searching   : /n/scratch3/users/b/bs218/ATAC-Seq_Processing/kras_colon/work/qc/Kras_tumor_rep3/samtools/Kras_tumor_rep3-idxstats.txt
[2021-10-02 03:51:43,730] multiqc                                            [INFO   ]  Searching   : /n/scratch3/users/b/bs218/ATAC-Seq_Processing/kras_colon/work/qc/Kras_tumor_rep3/samtools/Kras_tumor_rep3.txt
[2021-10-02 03:51:43,730] multiqc                                            [INFO   ]  Searching   : /n/scratch3/users/b/bs218/ATAC-Seq_Processing/kras_colon/work/qc/WT_colon_rep1/fastqc/Per_base_N_content.tsv
[2021-10-02 03:51:43,730] multiqc                                            [INFO   ]  Searching   : /n/scratch3/users/b/bs218/ATAC-Seq_Processing/kras_colon/work/qc/WT_colon_rep1/fastqc/Per_base_sequence_content.tsv
[2021-10-02 03:51:43,730] multiqc                                            [INFO   ]  Searching   : /n/scratch3/users/b/bs218/ATAC-Seq_Processing/kras_colon/work/qc/WT_colon_rep1/fastqc/Per_base_sequence_quality.tsv
[2021-10-02 03:51:43,730] multiqc                                            [INFO   ]  Searching   : /n/scratch3/users/b/bs218/ATAC-Seq_Processing/kras_colon/work/qc/WT_colon_rep1/fastqc/Per_sequence_GC_content.tsv
[2021-10-02 03:51:43,730] multiqc                                            [INFO   ]  Searching   : /n/scratch3/users/b/bs218/ATAC-Seq_Processing/kras_colon/work/qc/WT_colon_rep1/fastqc/Per_sequence_quality_scores.tsv
[2021-10-02 03:51:43,730] multiqc                                            [INFO   ]  Searching   : /n/scratch3/users/b/bs218/ATAC-Seq_Processing/kras_colon/work/qc/WT_colon_rep1/fastqc/Per_tile_sequence_quality.tsv
[2021-10-02 03:51:43,730] multiqc                                            [INFO   ]  Searching   : /n/scratch3/users/b/bs218/ATAC-Seq_Processing/kras_colon/work/qc/WT_colon_rep1/fastqc/Sequence_Length_Distribution.tsv
[2021-10-02 03:51:43,730] multiqc                                            [INFO   ]  Searching   : /n/scratch3/users/b/bs218/ATAC-Seq_Processing/kras_colon/work/qc/WT_colon_rep1/fastqc/WT_colon_rep1.zip
[2021-10-02 03:51:43,731] multiqc                                            [INFO   ]  Searching   : /n/scratch3/users/b/bs218/ATAC-Seq_Processing/kras_colon/work/qc/WT_colon_rep1/fastqc/fastqc_data.txt
[2021-10-02 03:51:43,731] multiqc                                            [INFO   ]  Searching   : /n/scratch3/users/b/bs218/ATAC-Seq_Processing/kras_colon/work/qc/WT_colon_rep1/fastqc/fastqc_report.html
[2021-10-02 03:51:43,731] multiqc                                            [INFO   ]  Searching   : /n/scratch3/users/b/bs218/ATAC-Seq_Processing/kras_colon/work/qc/WT_colon_rep1/samtools/WT_colon_rep1-idxstats.txt
[2021-10-02 03:51:43,731] multiqc                                            [INFO   ]  Searching   : /n/scratch3/users/b/bs218/ATAC-Seq_Processing/kras_colon/work/qc/WT_colon_rep1/samtools/WT_colon_rep1.txt
[2021-10-02 03:51:43,731] multiqc                                            [INFO   ]  Searching   : /n/scratch3/users/b/bs218/ATAC-Seq_Processing/kras_colon/work/qc/WT_colon_rep2/fastqc/Per_base_N_content.tsv
[2021-10-02 03:51:43,731] multiqc                                            [INFO   ]  Searching   : /n/scratch3/users/b/bs218/ATAC-Seq_Processing/kras_colon/work/qc/WT_colon_rep2/fastqc/Per_base_sequence_content.tsv
[2021-10-02 03:51:43,731] multiqc                                            [INFO   ]  Searching   : /n/scratch3/users/b/bs218/ATAC-Seq_Processing/kras_colon/work/qc/WT_colon_rep2/fastqc/Per_base_sequence_quality.tsv
[2021-10-02 03:51:43,731] multiqc                                            [INFO   ]  Searching   : /n/scratch3/users/b/bs218/ATAC-Seq_Processing/kras_colon/work/qc/WT_colon_rep2/fastqc/Per_sequence_GC_content.tsv
[2021-10-02 03:51:43,731] multiqc                                            [INFO   ]  Searching   : /n/scratch3/users/b/bs218/ATAC-Seq_Processing/kras_colon/work/qc/WT_colon_rep2/fastqc/Per_sequence_quality_scores.tsv
[2021-10-02 03:51:43,731] multiqc                                            [INFO   ]  Searching   : /n/scratch3/users/b/bs218/ATAC-Seq_Processing/kras_colon/work/qc/WT_colon_rep2/fastqc/Per_tile_sequence_quality.tsv
[2021-10-02 03:51:43,732] multiqc                                            [INFO   ]  Searching   : /n/scratch3/users/b/bs218/ATAC-Seq_Processing/kras_colon/work/qc/WT_colon_rep2/fastqc/Sequence_Length_Distribution.tsv
[2021-10-02 03:51:43,732] multiqc                                            [INFO   ]  Searching   : /n/scratch3/users/b/bs218/ATAC-Seq_Processing/kras_colon/work/qc/WT_colon_rep2/fastqc/WT_colon_rep2.zip
[2021-10-02 03:51:43,732] multiqc                                            [INFO   ]  Searching   : /n/scratch3/users/b/bs218/ATAC-Seq_Processing/kras_colon/work/qc/WT_colon_rep2/fastqc/fastqc_data.txt
[2021-10-02 03:51:43,732] multiqc                                            [INFO   ]  Searching   : /n/scratch3/users/b/bs218/ATAC-Seq_Processing/kras_colon/work/qc/WT_colon_rep2/fastqc/fastqc_report.html
[2021-10-02 03:51:43,732] multiqc                                            [INFO   ]  Searching   : /n/scratch3/users/b/bs218/ATAC-Seq_Processing/kras_colon/work/qc/WT_colon_rep2/samtools/WT_colon_rep2-idxstats.txt
[2021-10-02 03:51:43,732] multiqc                                            [INFO   ]  Searching   : /n/scratch3/users/b/bs218/ATAC-Seq_Processing/kras_colon/work/qc/WT_colon_rep2/samtools/WT_colon_rep2.txt
[2021-10-02 03:51:43,732] multiqc                                            [INFO   ]  Searching   : /n/scratch3/users/b/bs218/ATAC-Seq_Processing/kras_colon/work/qc/WT_colon_rep3/fastqc/Per_base_N_content.tsv
[2021-10-02 03:51:43,732] multiqc                                            [INFO   ]  Searching   : /n/scratch3/users/b/bs218/ATAC-Seq_Processing/kras_colon/work/qc/WT_colon_rep3/fastqc/Per_base_sequence_content.tsv
[2021-10-02 03:51:43,732] multiqc                                            [INFO   ]  Searching   : /n/scratch3/users/b/bs218/ATAC-Seq_Processing/kras_colon/work/qc/WT_colon_rep3/fastqc/Per_base_sequence_quality.tsv
[2021-10-02 03:51:43,732] multiqc                                            [INFO   ]  Searching   : /n/scratch3/users/b/bs218/ATAC-Seq_Processing/kras_colon/work/qc/WT_colon_rep3/fastqc/Per_sequence_GC_content.tsv
[2021-10-02 03:51:43,732] multiqc                                            [INFO   ]  Searching   : /n/scratch3/users/b/bs218/ATAC-Seq_Processing/kras_colon/work/qc/WT_colon_rep3/fastqc/Per_sequence_quality_scores.tsv
[2021-10-02 03:51:43,733] multiqc                                            [INFO   ]  Searching   : /n/scratch3/users/b/bs218/ATAC-Seq_Processing/kras_colon/work/qc/WT_colon_rep3/fastqc/Per_tile_sequence_quality.tsv
[2021-10-02 03:51:43,733] multiqc                                            [INFO   ]  Searching   : /n/scratch3/users/b/bs218/ATAC-Seq_Processing/kras_colon/work/qc/WT_colon_rep3/fastqc/Sequence_Length_Distribution.tsv
[2021-10-02 03:51:43,733] multiqc                                            [INFO   ]  Searching   : /n/scratch3/users/b/bs218/ATAC-Seq_Processing/kras_colon/work/qc/WT_colon_rep3/fastqc/WT_colon_rep3.zip
[2021-10-02 03:51:43,733] multiqc                                            [INFO   ]  Searching   : /n/scratch3/users/b/bs218/ATAC-Seq_Processing/kras_colon/work/qc/WT_colon_rep3/fastqc/fastqc_data.txt
[2021-10-02 03:51:43,733] multiqc                                            [INFO   ]  Searching   : /n/scratch3/users/b/bs218/ATAC-Seq_Processing/kras_colon/work/qc/WT_colon_rep3/fastqc/fastqc_report.html
[2021-10-02 03:51:43,733] multiqc                                            [INFO   ]  Searching   : /n/scratch3/users/b/bs218/ATAC-Seq_Processing/kras_colon/work/qc/WT_colon_rep3/samtools/WT_colon_rep3-idxstats.txt
[2021-10-02 03:51:43,733] multiqc                                            [INFO   ]  Searching   : /n/scratch3/users/b/bs218/ATAC-Seq_Processing/kras_colon/work/qc/WT_colon_rep3/samtools/WT_colon_rep3.txt
[2021-10-02 03:51:43,733] multiqc                                            [INFO   ]  Searching   : /n/scratch3/users/b/bs218/ATAC-Seq_Processing/kras_colon/work/qc/WT_tumor_rep1/fastqc/Per_base_N_content.tsv
[2021-10-02 03:51:43,733] multiqc                                            [INFO   ]  Searching   : /n/scratch3/users/b/bs218/ATAC-Seq_Processing/kras_colon/work/qc/WT_tumor_rep1/fastqc/Per_base_sequence_content.tsv
[2021-10-02 03:51:43,733] multiqc                                            [INFO   ]  Searching   : /n/scratch3/users/b/bs218/ATAC-Seq_Processing/kras_colon/work/qc/WT_tumor_rep1/fastqc/Per_base_sequence_quality.tsv
[2021-10-02 03:51:43,733] multiqc                                            [INFO   ]  Searching   : /n/scratch3/users/b/bs218/ATAC-Seq_Processing/kras_colon/work/qc/WT_tumor_rep1/fastqc/Per_sequence_GC_content.tsv
[2021-10-02 03:51:43,734] multiqc                                            [INFO   ]  Searching   : /n/scratch3/users/b/bs218/ATAC-Seq_Processing/kras_colon/work/qc/WT_tumor_rep1/fastqc/Per_sequence_quality_scores.tsv
[2021-10-02 03:51:43,734] multiqc                                            [INFO   ]  Searching   : /n/scratch3/users/b/bs218/ATAC-Seq_Processing/kras_colon/work/qc/WT_tumor_rep1/fastqc/Per_tile_sequence_quality.tsv
[2021-10-02 03:51:43,734] multiqc                                            [INFO   ]  Searching   : /n/scratch3/users/b/bs218/ATAC-Seq_Processing/kras_colon/work/qc/WT_tumor_rep1/fastqc/Sequence_Length_Distribution.tsv
[2021-10-02 03:51:43,734] multiqc                                            [INFO   ]  Searching   : /n/scratch3/users/b/bs218/ATAC-Seq_Processing/kras_colon/work/qc/WT_tumor_rep1/fastqc/WT_tumor_rep1.zip
[2021-10-02 03:51:43,734] multiqc                                            [INFO   ]  Searching   : /n/scratch3/users/b/bs218/ATAC-Seq_Processing/kras_colon/work/qc/WT_tumor_rep1/fastqc/fastqc_data.txt
[2021-10-02 03:51:43,734] multiqc                                            [INFO   ]  Searching   : /n/scratch3/users/b/bs218/ATAC-Seq_Processing/kras_colon/work/qc/WT_tumor_rep1/fastqc/fastqc_report.html
[2021-10-02 03:51:43,734] multiqc                                            [INFO   ]  Searching   : /n/scratch3/users/b/bs218/ATAC-Seq_Processing/kras_colon/work/qc/WT_tumor_rep1/samtools/WT_tumor_rep1-idxstats.txt
[2021-10-02 03:51:43,734] multiqc                                            [INFO   ]  Searching   : /n/scratch3/users/b/bs218/ATAC-Seq_Processing/kras_colon/work/qc/WT_tumor_rep1/samtools/WT_tumor_rep1.txt
[2021-10-02 03:51:43,734] multiqc                                            [INFO   ]  Searching   : /n/scratch3/users/b/bs218/ATAC-Seq_Processing/kras_colon/work/qc/WT_tumor_rep2/fastqc/Per_base_N_content.tsv
[2021-10-02 03:51:43,734] multiqc                                            [INFO   ]  Searching   : /n/scratch3/users/b/bs218/ATAC-Seq_Processing/kras_colon/work/qc/WT_tumor_rep2/fastqc/Per_base_sequence_content.tsv
[2021-10-02 03:51:43,734] multiqc                                            [INFO   ]  Searching   : /n/scratch3/users/b/bs218/ATAC-Seq_Processing/kras_colon/work/qc/WT_tumor_rep2/fastqc/Per_base_sequence_quality.tsv
[2021-10-02 03:51:43,735] multiqc                                            [INFO   ]  Searching   : /n/scratch3/users/b/bs218/ATAC-Seq_Processing/kras_colon/work/qc/WT_tumor_rep2/fastqc/Per_sequence_GC_content.tsv
[2021-10-02 03:51:43,735] multiqc                                            [INFO   ]  Searching   : /n/scratch3/users/b/bs218/ATAC-Seq_Processing/kras_colon/work/qc/WT_tumor_rep2/fastqc/Per_sequence_quality_scores.tsv
[2021-10-02 03:51:43,735] multiqc                                            [INFO   ]  Searching   : /n/scratch3/users/b/bs218/ATAC-Seq_Processing/kras_colon/work/qc/WT_tumor_rep2/fastqc/Per_tile_sequence_quality.tsv
[2021-10-02 03:51:43,735] multiqc                                            [INFO   ]  Searching   : /n/scratch3/users/b/bs218/ATAC-Seq_Processing/kras_colon/work/qc/WT_tumor_rep2/fastqc/Sequence_Length_Distribution.tsv
[2021-10-02 03:51:43,735] multiqc                                            [INFO   ]  Searching   : /n/scratch3/users/b/bs218/ATAC-Seq_Processing/kras_colon/work/qc/WT_tumor_rep2/fastqc/WT_tumor_rep2.zip
[2021-10-02 03:51:43,735] multiqc                                            [INFO   ]  Searching   : /n/scratch3/users/b/bs218/ATAC-Seq_Processing/kras_colon/work/qc/WT_tumor_rep2/fastqc/fastqc_data.txt
[2021-10-02 03:51:43,735] multiqc                                            [INFO   ]  Searching   : /n/scratch3/users/b/bs218/ATAC-Seq_Processing/kras_colon/work/qc/WT_tumor_rep2/fastqc/fastqc_report.html
[2021-10-02 03:51:43,735] multiqc                                            [INFO   ]  Searching   : /n/scratch3/users/b/bs218/ATAC-Seq_Processing/kras_colon/work/qc/WT_tumor_rep2/samtools/WT_tumor_rep2-idxstats.txt
[2021-10-02 03:51:43,735] multiqc                                            [INFO   ]  Searching   : /n/scratch3/users/b/bs218/ATAC-Seq_Processing/kras_colon/work/qc/WT_tumor_rep2/samtools/WT_tumor_rep2.txt
[2021-10-02 03:51:43,735] multiqc                                            [INFO   ]  Searching   : /n/scratch3/users/b/bs218/ATAC-Seq_Processing/kras_colon/work/qc/WT_tumor_rep3/fastqc/Per_base_N_content.tsv
[2021-10-02 03:51:43,735] multiqc                                            [INFO   ]  Searching   : /n/scratch3/users/b/bs218/ATAC-Seq_Processing/kras_colon/work/qc/WT_tumor_rep3/fastqc/Per_base_sequence_content.tsv
[2021-10-02 03:51:43,736] multiqc                                            [INFO   ]  Searching   : /n/scratch3/users/b/bs218/ATAC-Seq_Processing/kras_colon/work/qc/WT_tumor_rep3/fastqc/Per_base_sequence_quality.tsv
[2021-10-02 03:51:43,736] multiqc                                            [INFO   ]  Searching   : /n/scratch3/users/b/bs218/ATAC-Seq_Processing/kras_colon/work/qc/WT_tumor_rep3/fastqc/Per_sequence_GC_content.tsv
[2021-10-02 03:51:43,736] multiqc                                            [INFO   ]  Searching   : /n/scratch3/users/b/bs218/ATAC-Seq_Processing/kras_colon/work/qc/WT_tumor_rep3/fastqc/Per_sequence_quality_scores.tsv
[2021-10-02 03:51:43,736] multiqc                                            [INFO   ]  Searching   : /n/scratch3/users/b/bs218/ATAC-Seq_Processing/kras_colon/work/qc/WT_tumor_rep3/fastqc/Per_tile_sequence_quality.tsv
[2021-10-02 03:51:43,736] multiqc                                            [INFO   ]  Searching   : /n/scratch3/users/b/bs218/ATAC-Seq_Processing/kras_colon/work/qc/WT_tumor_rep3/fastqc/Sequence_Length_Distribution.tsv
[2021-10-02 03:51:43,736] multiqc                                            [INFO   ]  Searching   : /n/scratch3/users/b/bs218/ATAC-Seq_Processing/kras_colon/work/qc/WT_tumor_rep3/fastqc/WT_tumor_rep3.zip
[2021-10-02 03:51:43,736] multiqc                                            [INFO   ]  Searching   : /n/scratch3/users/b/bs218/ATAC-Seq_Processing/kras_colon/work/qc/WT_tumor_rep3/fastqc/fastqc_data.txt
[2021-10-02 03:51:43,736] multiqc                                            [INFO   ]  Searching   : /n/scratch3/users/b/bs218/ATAC-Seq_Processing/kras_colon/work/qc/WT_tumor_rep3/fastqc/fastqc_report.html
[2021-10-02 03:51:43,736] multiqc                                            [INFO   ]  Searching   : /n/scratch3/users/b/bs218/ATAC-Seq_Processing/kras_colon/work/qc/WT_tumor_rep3/samtools/WT_tumor_rep3-idxstats.txt
[2021-10-02 03:51:43,736] multiqc                                            [INFO   ]  Searching   : /n/scratch3/users/b/bs218/ATAC-Seq_Processing/kras_colon/work/qc/WT_tumor_rep3/samtools/WT_tumor_rep3.txt
[2021-10-02 03:51:43,736] multiqc                                            [INFO   ]  Searching   : /n/scratch3/users/b/bs218/ATAC-Seq_Processing/kras_colon/work/qc/multiqc/report/metrics/WT_colon_rep1_bcbio.txt
[2021-10-02 03:51:43,737] multiqc                                            [INFO   ]  Searching   : /n/scratch3/users/b/bs218/ATAC-Seq_Processing/kras_colon/work/qc/multiqc/report/metrics/WT_colon_rep2_bcbio.txt
[2021-10-02 03:51:43,737] multiqc                                            [INFO   ]  Searching   : /n/scratch3/users/b/bs218/ATAC-Seq_Processing/kras_colon/work/qc/multiqc/report/metrics/WT_colon_rep3_bcbio.txt
[2021-10-02 03:51:43,737] multiqc                                            [INFO   ]  Searching   : /n/scratch3/users/b/bs218/ATAC-Seq_Processing/kras_colon/work/qc/multiqc/report/metrics/Kras_colon_rep1_bcbio.txt
[2021-10-02 03:51:43,737] multiqc                                            [INFO   ]  Searching   : /n/scratch3/users/b/bs218/ATAC-Seq_Processing/kras_colon/work/qc/multiqc/report/metrics/Kras_colon_rep2_bcbio.txt
[2021-10-02 03:51:43,737] multiqc                                            [INFO   ]  Searching   : /n/scratch3/users/b/bs218/ATAC-Seq_Processing/kras_colon/work/qc/multiqc/report/metrics/Kras_colon_rep3_bcbio.txt
[2021-10-02 03:51:43,737] multiqc                                            [INFO   ]  Searching   : /n/scratch3/users/b/bs218/ATAC-Seq_Processing/kras_colon/work/qc/multiqc/report/metrics/WT_tumor_rep1_bcbio.txt
[2021-10-02 03:51:43,737] multiqc                                            [INFO   ]  Searching   : /n/scratch3/users/b/bs218/ATAC-Seq_Processing/kras_colon/work/qc/multiqc/report/metrics/WT_tumor_rep2_bcbio.txt
[2021-10-02 03:51:43,737] multiqc                                            [INFO   ]  Searching   : /n/scratch3/users/b/bs218/ATAC-Seq_Processing/kras_colon/work/qc/multiqc/report/metrics/WT_tumor_rep3_bcbio.txt
[2021-10-02 03:51:43,737] multiqc                                            [INFO   ]  Searching   : /n/scratch3/users/b/bs218/ATAC-Seq_Processing/kras_colon/work/qc/multiqc/report/metrics/Kras_tumor_rep1_bcbio.txt
[2021-10-02 03:51:43,737] multiqc                                            [INFO   ]  Searching   : /n/scratch3/users/b/bs218/ATAC-Seq_Processing/kras_colon/work/qc/multiqc/report/metrics/Kras_tumor_rep2_bcbio.txt
[2021-10-02 03:51:43,737] multiqc                                            [INFO   ]  Searching   : /n/scratch3/users/b/bs218/ATAC-Seq_Processing/kras_colon/work/qc/multiqc/report/metrics/Kras_tumor_rep3_bcbio.txt
[2021-10-02 03:51:43,739] multiqc                                            [DEBUG  ]  Analysing modules: adapterRemoval, afterqc, bamtools, bbmap, bcl2fastq, biobambam2, biobloomtools, biscuit, bowtie1, bowtie2, busco, clipandmerge, clusterflow, conpair, custom_content, cutadapt, damageprofiler, dedup, deeptools, disambiguate, dragen, fastp, fastq_screen, featureCounts, fgbio, flash, flexbar, gatk, happy, hicexplorer, hicpro, hicup, hisat2, homer, htseq, interop, ivar, jellyfish, kaiju, kallisto, kat, kraken, leehom, longranger, macs2, malt, methylQA, minionqc, mirtop, mirtrace, mosdepth, mtnucratio, multivcfanalyzer, phantompeakqualtools, prokka, pycoqc, qorts, quast, rna_seqc, rockhopper, rsem, rseqc, samblaster, sargasso, seqyclean, sexdeterrmine, sickle, skewer, slamdunk, snpsplit, somalier, sortmerna, stacks, supernova, theta2, tophat, trimmomatic, varscan2, vcftools, verifybamid, bcbio, samtools, goleft_indexcov, peddy, bcftools, salmon, star, picard, qualimap, snpeff, bismark, fastqc, preseq
[2021-10-02 03:51:43,739] multiqc                                            [DEBUG  ]  Using temporary directory for creating report: /tmp/tmplot88p_e
[2021-10-02 03:51:43,861] multiqc                                            [DEBUG  ]  File ignored by hicexplorer because it exceeded search pattern filesize limit: Kras_colon_rep1.zip
[2021-10-02 03:51:43,881] multiqc                                            [DEBUG  ]  File ignored by longranger/invocation because it exceeded search pattern filesize limit: Kras_colon_rep1.zip
[2021-10-02 03:51:44,025] multiqc                                            [DEBUG  ]  File ignored by hicexplorer because it exceeded search pattern filesize limit: Per_base_sequence_content.tsv
[2021-10-02 03:51:44,033] multiqc                                            [DEBUG  ]  File ignored by longranger/invocation because it exceeded search pattern filesize limit: Per_base_sequence_content.tsv
[2021-10-02 03:51:44,078] multiqc                                            [DEBUG  ]  File ignored by longranger/invocation because it exceeded search pattern filesize limit: Per_base_sequence_quality.tsv
[2021-10-02 03:51:44,121] multiqc                                            [DEBUG  ]  File ignored by longranger/invocation because it exceeded search pattern filesize limit: Per_sequence_GC_content.tsv
[2021-10-02 03:51:44,199] multiqc                                            [DEBUG  ]  File ignored by hicexplorer because it exceeded search pattern filesize limit: Per_tile_sequence_quality.tsv
[2021-10-02 03:51:44,208] multiqc                                            [DEBUG  ]  File ignored by longranger/invocation because it exceeded search pattern filesize limit: Per_tile_sequence_quality.tsv
[2021-10-02 03:51:44,208] multiqc                                            [DEBUG  ]  File ignored by rockhopper because it exceeded search pattern filesize limit: Per_tile_sequence_quality.tsv
[2021-10-02 03:51:44,208] multiqc                                            [DEBUG  ]  File ignored by rseqc/bam_stat because it exceeded search pattern filesize limit: Per_tile_sequence_quality.tsv
[2021-10-02 03:51:44,208] multiqc                                            [DEBUG  ]  File ignored by rseqc/junction_annotation because it exceeded search pattern filesize limit: Per_tile_sequence_quality.tsv
[2021-10-02 03:51:44,208] multiqc                                            [DEBUG  ]  File ignored by rseqc/read_distribution because it exceeded search pattern filesize limit: Per_tile_sequence_quality.tsv
[2021-10-02 03:51:44,208] multiqc                                            [DEBUG  ]  File ignored by rseqc/infer_experiment because it exceeded search pattern filesize limit: Per_tile_sequence_quality.tsv
[2021-10-02 03:51:44,660] multiqc                                            [DEBUG  ]  Ignoring file as matched an ignore pattern: fastqc_report.html
[2021-10-02 03:51:44,685] multiqc                                            [DEBUG  ]  File ignored by hicexplorer because it exceeded search pattern filesize limit: Kras_colon_rep1.txt
[2021-10-02 03:51:44,694] multiqc                                            [DEBUG  ]  File ignored by longranger/invocation because it exceeded search pattern filesize limit: Kras_colon_rep1.txt
[2021-10-02 03:51:44,775] multiqc                                            [DEBUG  ]  File ignored by hicexplorer because it exceeded search pattern filesize limit: Kras_colon_rep2.zip
[2021-10-02 03:51:44,783] multiqc                                            [DEBUG  ]  File ignored by longranger/invocation because it exceeded search pattern filesize limit: Kras_colon_rep2.zip
[2021-10-02 03:51:44,860] multiqc                                            [DEBUG  ]  File ignored by hicexplorer because it exceeded search pattern filesize limit: Per_base_sequence_content.tsv
[2021-10-02 03:51:44,869] multiqc                                            [DEBUG  ]  File ignored by longranger/invocation because it exceeded search pattern filesize limit: Per_base_sequence_content.tsv
[2021-10-02 03:51:44,913] multiqc                                            [DEBUG  ]  File ignored by longranger/invocation because it exceeded search pattern filesize limit: Per_base_sequence_quality.tsv
[2021-10-02 03:51:44,957] multiqc                                            [DEBUG  ]  File ignored by longranger/invocation because it exceeded search pattern filesize limit: Per_sequence_GC_content.tsv
[2021-10-02 03:51:45,139] multiqc                                            [DEBUG  ]  File ignored by hicexplorer because it exceeded search pattern filesize limit: Per_tile_sequence_quality.tsv
[2021-10-02 03:51:45,153] multiqc                                            [DEBUG  ]  File ignored by longranger/invocation because it exceeded search pattern filesize limit: Per_tile_sequence_quality.tsv
[2021-10-02 03:51:45,154] multiqc                                            [DEBUG  ]  File ignored by rockhopper because it exceeded search pattern filesize limit: Per_tile_sequence_quality.tsv
[2021-10-02 03:51:45,154] multiqc                                            [DEBUG  ]  File ignored by rseqc/bam_stat because it exceeded search pattern filesize limit: Per_tile_sequence_quality.tsv
[2021-10-02 03:51:45,154] multiqc                                            [DEBUG  ]  File ignored by rseqc/junction_annotation because it exceeded search pattern filesize limit: Per_tile_sequence_quality.tsv
[2021-10-02 03:51:45,154] multiqc                                            [DEBUG  ]  File ignored by rseqc/read_distribution because it exceeded search pattern filesize limit: Per_tile_sequence_quality.tsv
[2021-10-02 03:51:45,154] multiqc                                            [DEBUG  ]  File ignored by rseqc/infer_experiment because it exceeded search pattern filesize limit: Per_tile_sequence_quality.tsv
[2021-10-02 03:51:45,535] multiqc                                            [DEBUG  ]  Ignoring file as matched an ignore pattern: fastqc_report.html
[2021-10-02 03:51:45,557] multiqc                                            [DEBUG  ]  File ignored by hicexplorer because it exceeded search pattern filesize limit: Kras_colon_rep2.txt
[2021-10-02 03:51:45,566] multiqc                                            [DEBUG  ]  File ignored by longranger/invocation because it exceeded search pattern filesize limit: Kras_colon_rep2.txt
[2021-10-02 03:51:45,646] multiqc                                            [DEBUG  ]  File ignored by hicexplorer because it exceeded search pattern filesize limit: Kras_colon_rep3.zip
[2021-10-02 03:51:45,655] multiqc                                            [DEBUG  ]  File ignored by longranger/invocation because it exceeded search pattern filesize limit: Kras_colon_rep3.zip
[2021-10-02 03:51:45,737] multiqc                                            [DEBUG  ]  File ignored by hicexplorer because it exceeded search pattern filesize limit: Per_base_sequence_content.tsv
[2021-10-02 03:51:45,745] multiqc                                            [DEBUG  ]  File ignored by longranger/invocation because it exceeded search pattern filesize limit: Per_base_sequence_content.tsv
[2021-10-02 03:51:45,789] multiqc                                            [DEBUG  ]  File ignored by longranger/invocation because it exceeded search pattern filesize limit: Per_base_sequence_quality.tsv
[2021-10-02 03:51:45,832] multiqc                                            [DEBUG  ]  File ignored by longranger/invocation because it exceeded search pattern filesize limit: Per_sequence_GC_content.tsv
[2021-10-02 03:51:45,912] multiqc                                            [DEBUG  ]  File ignored by hicexplorer because it exceeded search pattern filesize limit: Per_tile_sequence_quality.tsv
[2021-10-02 03:51:45,921] multiqc                                            [DEBUG  ]  File ignored by longranger/invocation because it exceeded search pattern filesize limit: Per_tile_sequence_quality.tsv
[2021-10-02 03:51:45,921] multiqc                                            [DEBUG  ]  File ignored by rockhopper because it exceeded search pattern filesize limit: Per_tile_sequence_quality.tsv
[2021-10-02 03:51:45,921] multiqc                                            [DEBUG  ]  File ignored by rseqc/bam_stat because it exceeded search pattern filesize limit: Per_tile_sequence_quality.tsv
[2021-10-02 03:51:45,921] multiqc                                            [DEBUG  ]  File ignored by rseqc/junction_annotation because it exceeded search pattern filesize limit: Per_tile_sequence_quality.tsv
[2021-10-02 03:51:45,921] multiqc                                            [DEBUG  ]  File ignored by rseqc/read_distribution because it exceeded search pattern filesize limit: Per_tile_sequence_quality.tsv
[2021-10-02 03:51:45,921] multiqc                                            [DEBUG  ]  File ignored by rseqc/infer_experiment because it exceeded search pattern filesize limit: Per_tile_sequence_quality.tsv
[2021-10-02 03:51:46,343] multiqc                                            [DEBUG  ]  Ignoring file as matched an ignore pattern: fastqc_report.html
[2021-10-02 03:51:46,364] multiqc                                            [DEBUG  ]  File ignored by hicexplorer because it exceeded search pattern filesize limit: Kras_colon_rep3.txt
[2021-10-02 03:51:46,373] multiqc                                            [DEBUG  ]  File ignored by longranger/invocation because it exceeded search pattern filesize limit: Kras_colon_rep3.txt
[2021-10-02 03:51:46,455] multiqc                                            [DEBUG  ]  File ignored by hicexplorer because it exceeded search pattern filesize limit: Kras_tumor_rep1.zip
[2021-10-02 03:51:46,464] multiqc                                            [DEBUG  ]  File ignored by longranger/invocation because it exceeded search pattern filesize limit: Kras_tumor_rep1.zip
[2021-10-02 03:51:46,544] multiqc                                            [DEBUG  ]  File ignored by hicexplorer because it exceeded search pattern filesize limit: Per_base_sequence_content.tsv
[2021-10-02 03:51:46,552] multiqc                                            [DEBUG  ]  File ignored by longranger/invocation because it exceeded search pattern filesize limit: Per_base_sequence_content.tsv
[2021-10-02 03:51:46,597] multiqc                                            [DEBUG  ]  File ignored by longranger/invocation because it exceeded search pattern filesize limit: Per_base_sequence_quality.tsv
[2021-10-02 03:51:46,639] multiqc                                            [DEBUG  ]  File ignored by longranger/invocation because it exceeded search pattern filesize limit: Per_sequence_GC_content.tsv
[2021-10-02 03:51:46,717] multiqc                                            [DEBUG  ]  File ignored by hicexplorer because it exceeded search pattern filesize limit: Per_tile_sequence_quality.tsv
[2021-10-02 03:51:46,726] multiqc                                            [DEBUG  ]  File ignored by longranger/invocation because it exceeded search pattern filesize limit: Per_tile_sequence_quality.tsv
[2021-10-02 03:51:46,726] multiqc                                            [DEBUG  ]  File ignored by rockhopper because it exceeded search pattern filesize limit: Per_tile_sequence_quality.tsv
[2021-10-02 03:51:46,726] multiqc                                            [DEBUG  ]  File ignored by rseqc/bam_stat because it exceeded search pattern filesize limit: Per_tile_sequence_quality.tsv
[2021-10-02 03:51:46,726] multiqc                                            [DEBUG  ]  File ignored by rseqc/junction_annotation because it exceeded search pattern filesize limit: Per_tile_sequence_quality.tsv
[2021-10-02 03:51:46,726] multiqc                                            [DEBUG  ]  File ignored by rseqc/read_distribution because it exceeded search pattern filesize limit: Per_tile_sequence_quality.tsv
[2021-10-02 03:51:46,726] multiqc                                            [DEBUG  ]  File ignored by rseqc/infer_experiment because it exceeded search pattern filesize limit: Per_tile_sequence_quality.tsv
[2021-10-02 03:51:47,114] multiqc                                            [DEBUG  ]  Ignoring file as matched an ignore pattern: fastqc_report.html
[2021-10-02 03:51:47,136] multiqc                                            [DEBUG  ]  File ignored by hicexplorer because it exceeded search pattern filesize limit: Kras_tumor_rep1.txt
[2021-10-02 03:51:47,145] multiqc                                            [DEBUG  ]  File ignored by longranger/invocation because it exceeded search pattern filesize limit: Kras_tumor_rep1.txt
[2021-10-02 03:51:47,226] multiqc                                            [DEBUG  ]  File ignored by hicexplorer because it exceeded search pattern filesize limit: Kras_tumor_rep2.zip
[2021-10-02 03:51:47,235] multiqc                                            [DEBUG  ]  File ignored by longranger/invocation because it exceeded search pattern filesize limit: Kras_tumor_rep2.zip
[2021-10-02 03:51:47,355] multiqc                                            [DEBUG  ]  File ignored by hicexplorer because it exceeded search pattern filesize limit: Per_base_sequence_content.tsv
[2021-10-02 03:51:47,379] multiqc                                            [DEBUG  ]  File ignored by longranger/invocation because it exceeded search pattern filesize limit: Per_base_sequence_content.tsv
[2021-10-02 03:51:47,474] multiqc                                            [DEBUG  ]  File ignored by longranger/invocation because it exceeded search pattern filesize limit: Per_base_sequence_quality.tsv
[2021-10-02 03:51:47,519] multiqc                                            [DEBUG  ]  File ignored by longranger/invocation because it exceeded search pattern filesize limit: Per_sequence_GC_content.tsv
[2021-10-02 03:51:47,598] multiqc                                            [DEBUG  ]  File ignored by hicexplorer because it exceeded search pattern filesize limit: Per_tile_sequence_quality.tsv
[2021-10-02 03:51:47,607] multiqc                                            [DEBUG  ]  File ignored by longranger/invocation because it exceeded search pattern filesize limit: Per_tile_sequence_quality.tsv
[2021-10-02 03:51:47,607] multiqc                                            [DEBUG  ]  File ignored by rockhopper because it exceeded search pattern filesize limit: Per_tile_sequence_quality.tsv
[2021-10-02 03:51:47,607] multiqc                                            [DEBUG  ]  File ignored by rseqc/bam_stat because it exceeded search pattern filesize limit: Per_tile_sequence_quality.tsv
[2021-10-02 03:51:47,607] multiqc                                            [DEBUG  ]  File ignored by rseqc/junction_annotation because it exceeded search pattern filesize limit: Per_tile_sequence_quality.tsv
[2021-10-02 03:51:47,607] multiqc                                            [DEBUG  ]  File ignored by rseqc/read_distribution because it exceeded search pattern filesize limit: Per_tile_sequence_quality.tsv
[2021-10-02 03:51:47,607] multiqc                                            [DEBUG  ]  File ignored by rseqc/infer_experiment because it exceeded search pattern filesize limit: Per_tile_sequence_quality.tsv
[2021-10-02 03:51:48,000] multiqc                                            [DEBUG  ]  Ignoring file as matched an ignore pattern: fastqc_report.html
[2021-10-02 03:51:48,020] multiqc                                            [DEBUG  ]  File ignored by hicexplorer because it exceeded search pattern filesize limit: Kras_tumor_rep2.txt
[2021-10-02 03:51:48,029] multiqc                                            [DEBUG  ]  File ignored by longranger/invocation because it exceeded search pattern filesize limit: Kras_tumor_rep2.txt
[2021-10-02 03:51:48,111] multiqc                                            [DEBUG  ]  File ignored by hicexplorer because it exceeded search pattern filesize limit: Kras_tumor_rep3.zip
[2021-10-02 03:51:48,120] multiqc                                            [DEBUG  ]  File ignored by longranger/invocation because it exceeded search pattern filesize limit: Kras_tumor_rep3.zip
[2021-10-02 03:51:48,199] multiqc                                            [DEBUG  ]  File ignored by hicexplorer because it exceeded search pattern filesize limit: Per_base_sequence_content.tsv
[2021-10-02 03:51:48,208] multiqc                                            [DEBUG  ]  File ignored by longranger/invocation because it exceeded search pattern filesize limit: Per_base_sequence_content.tsv
[2021-10-02 03:51:48,251] multiqc                                            [DEBUG  ]  File ignored by longranger/invocation because it exceeded search pattern filesize limit: Per_base_sequence_quality.tsv
[2021-10-02 03:51:48,295] multiqc                                            [DEBUG  ]  File ignored by longranger/invocation because it exceeded search pattern filesize limit: Per_sequence_GC_content.tsv
[2021-10-02 03:51:48,374] multiqc                                            [DEBUG  ]  File ignored by hicexplorer because it exceeded search pattern filesize limit: Per_tile_sequence_quality.tsv
[2021-10-02 03:51:48,383] multiqc                                            [DEBUG  ]  File ignored by longranger/invocation because it exceeded search pattern filesize limit: Per_tile_sequence_quality.tsv
[2021-10-02 03:51:48,383] multiqc                                            [DEBUG  ]  File ignored by rockhopper because it exceeded search pattern filesize limit: Per_tile_sequence_quality.tsv
[2021-10-02 03:51:48,383] multiqc                                            [DEBUG  ]  File ignored by rseqc/bam_stat because it exceeded search pattern filesize limit: Per_tile_sequence_quality.tsv
[2021-10-02 03:51:48,383] multiqc                                            [DEBUG  ]  File ignored by rseqc/junction_annotation because it exceeded search pattern filesize limit: Per_tile_sequence_quality.tsv
[2021-10-02 03:51:48,383] multiqc                                            [DEBUG  ]  File ignored by rseqc/read_distribution because it exceeded search pattern filesize limit: Per_tile_sequence_quality.tsv
[2021-10-02 03:51:48,383] multiqc                                            [DEBUG  ]  File ignored by rseqc/infer_experiment because it exceeded search pattern filesize limit: Per_tile_sequence_quality.tsv
[2021-10-02 03:51:48,791] multiqc                                            [DEBUG  ]  Ignoring file as matched an ignore pattern: fastqc_report.html
[2021-10-02 03:51:48,809] multiqc                                            [DEBUG  ]  File ignored by hicexplorer because it exceeded search pattern filesize limit: Kras_tumor_rep3.txt
[2021-10-02 03:51:48,818] multiqc                                            [DEBUG  ]  File ignored by longranger/invocation because it exceeded search pattern filesize limit: Kras_tumor_rep3.txt
[2021-10-02 03:51:48,943] multiqc                                            [DEBUG  ]  File ignored by hicexplorer because it exceeded search pattern filesize limit: Per_base_sequence_content.tsv
[2021-10-02 03:51:48,952] multiqc                                            [DEBUG  ]  File ignored by longranger/invocation because it exceeded search pattern filesize limit: Per_base_sequence_content.tsv
[2021-10-02 03:51:48,995] multiqc                                            [DEBUG  ]  File ignored by longranger/invocation because it exceeded search pattern filesize limit: Per_base_sequence_quality.tsv
[2021-10-02 03:51:49,039] multiqc                                            [DEBUG  ]  File ignored by longranger/invocation because it exceeded search pattern filesize limit: Per_sequence_GC_content.tsv
[2021-10-02 03:51:49,119] multiqc                                            [DEBUG  ]  File ignored by hicexplorer because it exceeded search pattern filesize limit: Per_tile_sequence_quality.tsv
[2021-10-02 03:51:49,128] multiqc                                            [DEBUG  ]  File ignored by longranger/invocation because it exceeded search pattern filesize limit: Per_tile_sequence_quality.tsv
[2021-10-02 03:51:49,128] multiqc                                            [DEBUG  ]  File ignored by rockhopper because it exceeded search pattern filesize limit: Per_tile_sequence_quality.tsv
[2021-10-02 03:51:49,128] multiqc                                            [DEBUG  ]  File ignored by rseqc/bam_stat because it exceeded search pattern filesize limit: Per_tile_sequence_quality.tsv
[2021-10-02 03:51:49,128] multiqc                                            [DEBUG  ]  File ignored by rseqc/junction_annotation because it exceeded search pattern filesize limit: Per_tile_sequence_quality.tsv
[2021-10-02 03:51:49,129] multiqc                                            [DEBUG  ]  File ignored by rseqc/read_distribution because it exceeded search pattern filesize limit: Per_tile_sequence_quality.tsv
[2021-10-02 03:51:49,129] multiqc                                            [DEBUG  ]  File ignored by rseqc/infer_experiment because it exceeded search pattern filesize limit: Per_tile_sequence_quality.tsv
[2021-10-02 03:51:49,540] multiqc                                            [DEBUG  ]  File ignored by hicexplorer because it exceeded search pattern filesize limit: WT_colon_rep1.zip
[2021-10-02 03:51:49,548] multiqc                                            [DEBUG  ]  File ignored by longranger/invocation because it exceeded search pattern filesize limit: WT_colon_rep1.zip
[2021-10-02 03:51:49,566] multiqc                                            [DEBUG  ]  Ignoring file as matched an ignore pattern: fastqc_report.html
[2021-10-02 03:51:49,588] multiqc                                            [DEBUG  ]  File ignored by hicexplorer because it exceeded search pattern filesize limit: WT_colon_rep1.txt
[2021-10-02 03:51:49,596] multiqc                                            [DEBUG  ]  File ignored by longranger/invocation because it exceeded search pattern filesize limit: WT_colon_rep1.txt
[2021-10-02 03:51:49,817] multiqc                                            [DEBUG  ]  File ignored by hicexplorer because it exceeded search pattern filesize limit: Per_base_sequence_content.tsv
[2021-10-02 03:51:49,826] multiqc                                            [DEBUG  ]  File ignored by longranger/invocation because it exceeded search pattern filesize limit: Per_base_sequence_content.tsv
[2021-10-02 03:51:49,880] multiqc                                            [DEBUG  ]  File ignored by longranger/invocation because it exceeded search pattern filesize limit: Per_base_sequence_quality.tsv
[2021-10-02 03:51:49,925] multiqc                                            [DEBUG  ]  File ignored by longranger/invocation because it exceeded search pattern filesize limit: Per_sequence_GC_content.tsv
[2021-10-02 03:51:50,012] multiqc                                            [DEBUG  ]  File ignored by hicexplorer because it exceeded search pattern filesize limit: Per_tile_sequence_quality.tsv
[2021-10-02 03:51:50,024] multiqc                                            [DEBUG  ]  File ignored by longranger/invocation because it exceeded search pattern filesize limit: Per_tile_sequence_quality.tsv
[2021-10-02 03:51:50,024] multiqc                                            [DEBUG  ]  File ignored by rockhopper because it exceeded search pattern filesize limit: Per_tile_sequence_quality.tsv
[2021-10-02 03:51:50,024] multiqc                                            [DEBUG  ]  File ignored by rseqc/bam_stat because it exceeded search pattern filesize limit: Per_tile_sequence_quality.tsv
[2021-10-02 03:51:50,025] multiqc                                            [DEBUG  ]  File ignored by rseqc/junction_annotation because it exceeded search pattern filesize limit: Per_tile_sequence_quality.tsv
[2021-10-02 03:51:50,025] multiqc                                            [DEBUG  ]  File ignored by rseqc/read_distribution because it exceeded search pattern filesize limit: Per_tile_sequence_quality.tsv
[2021-10-02 03:51:50,025] multiqc                                            [DEBUG  ]  File ignored by rseqc/infer_experiment because it exceeded search pattern filesize limit: Per_tile_sequence_quality.tsv
[2021-10-02 03:51:50,439] multiqc                                            [DEBUG  ]  File ignored by hicexplorer because it exceeded search pattern filesize limit: WT_colon_rep2.zip
[2021-10-02 03:51:50,448] multiqc                                            [DEBUG  ]  File ignored by longranger/invocation because it exceeded search pattern filesize limit: WT_colon_rep2.zip
[2021-10-02 03:51:50,465] multiqc                                            [DEBUG  ]  Ignoring file as matched an ignore pattern: fastqc_report.html
[2021-10-02 03:51:50,485] multiqc                                            [DEBUG  ]  File ignored by hicexplorer because it exceeded search pattern filesize limit: WT_colon_rep2.txt
[2021-10-02 03:51:50,494] multiqc                                            [DEBUG  ]  File ignored by longranger/invocation because it exceeded search pattern filesize limit: WT_colon_rep2.txt
[2021-10-02 03:51:50,616] multiqc                                            [DEBUG  ]  File ignored by hicexplorer because it exceeded search pattern filesize limit: Per_base_sequence_content.tsv
[2021-10-02 03:51:50,625] multiqc                                            [DEBUG  ]  File ignored by longranger/invocation because it exceeded search pattern filesize limit: Per_base_sequence_content.tsv
[2021-10-02 03:51:50,669] multiqc                                            [DEBUG  ]  File ignored by longranger/invocation because it exceeded search pattern filesize limit: Per_base_sequence_quality.tsv
[2021-10-02 03:51:50,712] multiqc                                            [DEBUG  ]  File ignored by longranger/invocation because it exceeded search pattern filesize limit: Per_sequence_GC_content.tsv
[2021-10-02 03:51:50,822] multiqc                                            [DEBUG  ]  File ignored by hicexplorer because it exceeded search pattern filesize limit: Per_tile_sequence_quality.tsv
[2021-10-02 03:51:50,840] multiqc                                            [DEBUG  ]  File ignored by longranger/invocation because it exceeded search pattern filesize limit: Per_tile_sequence_quality.tsv
[2021-10-02 03:51:50,840] multiqc                                            [DEBUG  ]  File ignored by rockhopper because it exceeded search pattern filesize limit: Per_tile_sequence_quality.tsv
[2021-10-02 03:51:50,840] multiqc                                            [DEBUG  ]  File ignored by rseqc/bam_stat because it exceeded search pattern filesize limit: Per_tile_sequence_quality.tsv
[2021-10-02 03:51:50,840] multiqc                                            [DEBUG  ]  File ignored by rseqc/junction_annotation because it exceeded search pattern filesize limit: Per_tile_sequence_quality.tsv
[2021-10-02 03:51:50,840] multiqc                                            [DEBUG  ]  File ignored by rseqc/read_distribution because it exceeded search pattern filesize limit: Per_tile_sequence_quality.tsv
[2021-10-02 03:51:50,840] multiqc                                            [DEBUG  ]  File ignored by rseqc/infer_experiment because it exceeded search pattern filesize limit: Per_tile_sequence_quality.tsv
[2021-10-02 03:51:51,259] multiqc                                            [DEBUG  ]  File ignored by hicexplorer because it exceeded search pattern filesize limit: WT_colon_rep3.zip
[2021-10-02 03:51:51,267] multiqc                                            [DEBUG  ]  File ignored by longranger/invocation because it exceeded search pattern filesize limit: WT_colon_rep3.zip
[2021-10-02 03:51:51,286] multiqc                                            [DEBUG  ]  Ignoring file as matched an ignore pattern: fastqc_report.html
[2021-10-02 03:51:51,307] multiqc                                            [DEBUG  ]  File ignored by hicexplorer because it exceeded search pattern filesize limit: WT_colon_rep3.txt
[2021-10-02 03:51:51,315] multiqc                                            [DEBUG  ]  File ignored by longranger/invocation because it exceeded search pattern filesize limit: WT_colon_rep3.txt
[2021-10-02 03:51:51,440] multiqc                                            [DEBUG  ]  File ignored by hicexplorer because it exceeded search pattern filesize limit: Per_base_sequence_content.tsv
[2021-10-02 03:51:51,449] multiqc                                            [DEBUG  ]  File ignored by longranger/invocation because it exceeded search pattern filesize limit: Per_base_sequence_content.tsv
[2021-10-02 03:51:51,492] multiqc                                            [DEBUG  ]  File ignored by longranger/invocation because it exceeded search pattern filesize limit: Per_base_sequence_quality.tsv
[2021-10-02 03:51:51,535] multiqc                                            [DEBUG  ]  File ignored by longranger/invocation because it exceeded search pattern filesize limit: Per_sequence_GC_content.tsv
[2021-10-02 03:51:51,615] multiqc                                            [DEBUG  ]  File ignored by hicexplorer because it exceeded search pattern filesize limit: Per_tile_sequence_quality.tsv
[2021-10-02 03:51:51,623] multiqc                                            [DEBUG  ]  File ignored by longranger/invocation because it exceeded search pattern filesize limit: Per_tile_sequence_quality.tsv
[2021-10-02 03:51:51,623] multiqc                                            [DEBUG  ]  File ignored by rockhopper because it exceeded search pattern filesize limit: Per_tile_sequence_quality.tsv
[2021-10-02 03:51:51,623] multiqc                                            [DEBUG  ]  File ignored by rseqc/bam_stat because it exceeded search pattern filesize limit: Per_tile_sequence_quality.tsv
[2021-10-02 03:51:51,623] multiqc                                            [DEBUG  ]  File ignored by rseqc/junction_annotation because it exceeded search pattern filesize limit: Per_tile_sequence_quality.tsv
[2021-10-02 03:51:51,623] multiqc                                            [DEBUG  ]  File ignored by rseqc/read_distribution because it exceeded search pattern filesize limit: Per_tile_sequence_quality.tsv
[2021-10-02 03:51:51,623] multiqc                                            [DEBUG  ]  File ignored by rseqc/infer_experiment because it exceeded search pattern filesize limit: Per_tile_sequence_quality.tsv
[2021-10-02 03:51:52,129] multiqc                                            [DEBUG  ]  File ignored by hicexplorer because it exceeded search pattern filesize limit: WT_tumor_rep1.zip
[2021-10-02 03:51:52,137] multiqc                                            [DEBUG  ]  File ignored by longranger/invocation because it exceeded search pattern filesize limit: WT_tumor_rep1.zip
[2021-10-02 03:51:52,155] multiqc                                            [DEBUG  ]  Ignoring file as matched an ignore pattern: fastqc_report.html
[2021-10-02 03:51:52,176] multiqc                                            [DEBUG  ]  File ignored by hicexplorer because it exceeded search pattern filesize limit: WT_tumor_rep1.txt
[2021-10-02 03:51:52,185] multiqc                                            [DEBUG  ]  File ignored by longranger/invocation because it exceeded search pattern filesize limit: WT_tumor_rep1.txt
[2021-10-02 03:51:52,321] multiqc                                            [DEBUG  ]  File ignored by hicexplorer because it exceeded search pattern filesize limit: Per_base_sequence_content.tsv
[2021-10-02 03:51:52,329] multiqc                                            [DEBUG  ]  File ignored by longranger/invocation because it exceeded search pattern filesize limit: Per_base_sequence_content.tsv
[2021-10-02 03:51:52,372] multiqc                                            [DEBUG  ]  File ignored by longranger/invocation because it exceeded search pattern filesize limit: Per_base_sequence_quality.tsv
[2021-10-02 03:51:52,416] multiqc                                            [DEBUG  ]  File ignored by longranger/invocation because it exceeded search pattern filesize limit: Per_sequence_GC_content.tsv
[2021-10-02 03:51:52,500] multiqc                                            [DEBUG  ]  File ignored by hicexplorer because it exceeded search pattern filesize limit: Per_tile_sequence_quality.tsv
[2021-10-02 03:51:52,510] multiqc                                            [DEBUG  ]  File ignored by longranger/invocation because it exceeded search pattern filesize limit: Per_tile_sequence_quality.tsv
[2021-10-02 03:51:52,510] multiqc                                            [DEBUG  ]  File ignored by rockhopper because it exceeded search pattern filesize limit: Per_tile_sequence_quality.tsv
[2021-10-02 03:51:52,510] multiqc                                            [DEBUG  ]  File ignored by rseqc/bam_stat because it exceeded search pattern filesize limit: Per_tile_sequence_quality.tsv
[2021-10-02 03:51:52,510] multiqc                                            [DEBUG  ]  File ignored by rseqc/junction_annotation because it exceeded search pattern filesize limit: Per_tile_sequence_quality.tsv
[2021-10-02 03:51:52,510] multiqc                                            [DEBUG  ]  File ignored by rseqc/read_distribution because it exceeded search pattern filesize limit: Per_tile_sequence_quality.tsv
[2021-10-02 03:51:52,510] multiqc                                            [DEBUG  ]  File ignored by rseqc/infer_experiment because it exceeded search pattern filesize limit: Per_tile_sequence_quality.tsv
[2021-10-02 03:51:52,923] multiqc                                            [DEBUG  ]  File ignored by hicexplorer because it exceeded search pattern filesize limit: WT_tumor_rep2.zip
[2021-10-02 03:51:52,933] multiqc                                            [DEBUG  ]  File ignored by longranger/invocation because it exceeded search pattern filesize limit: WT_tumor_rep2.zip
[2021-10-02 03:51:52,951] multiqc                                            [DEBUG  ]  Ignoring file as matched an ignore pattern: fastqc_report.html
[2021-10-02 03:51:52,971] multiqc                                            [DEBUG  ]  File ignored by hicexplorer because it exceeded search pattern filesize limit: WT_tumor_rep2.txt
[2021-10-02 03:51:52,980] multiqc                                            [DEBUG  ]  File ignored by longranger/invocation because it exceeded search pattern filesize limit: WT_tumor_rep2.txt
[2021-10-02 03:51:53,102] multiqc                                            [DEBUG  ]  File ignored by hicexplorer because it exceeded search pattern filesize limit: Per_base_sequence_content.tsv
[2021-10-02 03:51:53,124] multiqc                                            [DEBUG  ]  File ignored by longranger/invocation because it exceeded search pattern filesize limit: Per_base_sequence_content.tsv
[2021-10-02 03:51:53,242] multiqc                                            [DEBUG  ]  File ignored by longranger/invocation because it exceeded search pattern filesize limit: Per_base_sequence_quality.tsv
[2021-10-02 03:51:53,313] multiqc                                            [DEBUG  ]  File ignored by longranger/invocation because it exceeded search pattern filesize limit: Per_sequence_GC_content.tsv
[2021-10-02 03:51:53,392] multiqc                                            [DEBUG  ]  File ignored by hicexplorer because it exceeded search pattern filesize limit: Per_tile_sequence_quality.tsv
[2021-10-02 03:51:53,401] multiqc                                            [DEBUG  ]  File ignored by longranger/invocation because it exceeded search pattern filesize limit: Per_tile_sequence_quality.tsv
[2021-10-02 03:51:53,402] multiqc                                            [DEBUG  ]  File ignored by rockhopper because it exceeded search pattern filesize limit: Per_tile_sequence_quality.tsv
[2021-10-02 03:51:53,402] multiqc                                            [DEBUG  ]  File ignored by rseqc/bam_stat because it exceeded search pattern filesize limit: Per_tile_sequence_quality.tsv
[2021-10-02 03:51:53,402] multiqc                                            [DEBUG  ]  File ignored by rseqc/junction_annotation because it exceeded search pattern filesize limit: Per_tile_sequence_quality.tsv
[2021-10-02 03:51:53,402] multiqc                                            [DEBUG  ]  File ignored by rseqc/read_distribution because it exceeded search pattern filesize limit: Per_tile_sequence_quality.tsv
[2021-10-02 03:51:53,402] multiqc                                            [DEBUG  ]  File ignored by rseqc/infer_experiment because it exceeded search pattern filesize limit: Per_tile_sequence_quality.tsv
[2021-10-02 03:51:53,810] multiqc                                            [DEBUG  ]  File ignored by hicexplorer because it exceeded search pattern filesize limit: WT_tumor_rep3.zip
[2021-10-02 03:51:53,818] multiqc                                            [DEBUG  ]  File ignored by longranger/invocation because it exceeded search pattern filesize limit: WT_tumor_rep3.zip
[2021-10-02 03:51:53,836] multiqc                                            [DEBUG  ]  Ignoring file as matched an ignore pattern: fastqc_report.html
[2021-10-02 03:51:53,856] multiqc                                            [DEBUG  ]  File ignored by hicexplorer because it exceeded search pattern filesize limit: WT_tumor_rep3.txt
[2021-10-02 03:51:53,865] multiqc                                            [DEBUG  ]  File ignored by longranger/invocation because it exceeded search pattern filesize limit: WT_tumor_rep3.txt
[2021-10-02 03:51:54,601] multiqc.plots.bargraph                             [DEBUG  ]  Using matplotlib version 3.3.4
[2021-10-02 03:51:54,604] multiqc.plots.linegraph                            [DEBUG  ]  Using matplotlib version 3.3.4
[2021-10-02 03:51:54,680] multiqc                                            [DEBUG  ]  No samples found: adapterRemoval
[2021-10-02 03:51:54,692] multiqc                                            [DEBUG  ]  No samples found: afterqc
[2021-10-02 03:51:54,704] multiqc                                            [DEBUG  ]  No samples found: bamtools
[2021-10-02 03:51:54,741] multiqc                                            [DEBUG  ]  No samples found: bbmap
[2021-10-02 03:51:54,752] multiqc                                            [DEBUG  ]  No samples found: bcl2fastq
[2021-10-02 03:51:54,805] multiqc                                            [DEBUG  ]  No samples found: biobambam2
[2021-10-02 03:51:54,816] multiqc                                            [DEBUG  ]  No samples found: biobloomtools
[2021-10-02 03:51:54,827] multiqc                                            [DEBUG  ]  No samples found: biscuit
[2021-10-02 03:51:54,838] multiqc                                            [DEBUG  ]  No samples found: bowtie1
[2021-10-02 03:51:54,849] multiqc                                            [DEBUG  ]  No samples found: bowtie2
[2021-10-02 03:51:54,859] multiqc                                            [DEBUG  ]  No samples found: busco
[2021-10-02 03:51:54,871] multiqc                                            [DEBUG  ]  No samples found: clipandmerge
[2021-10-02 03:51:54,882] multiqc                                            [DEBUG  ]  No samples found: clusterflow
[2021-10-02 03:51:54,893] multiqc                                            [DEBUG  ]  No samples found: conpair
[2021-10-02 03:51:54,908] multiqc                                            [DEBUG  ]  No samples found: custom_content
[2021-10-02 03:51:54,919] multiqc                                            [DEBUG  ]  No samples found: cutadapt
[2021-10-02 03:51:54,930] multiqc                                            [DEBUG  ]  No samples found: damageprofiler
[2021-10-02 03:51:54,941] multiqc                                            [DEBUG  ]  No samples found: dedup
[2021-10-02 03:51:54,971] multiqc                                            [DEBUG  ]  No samples found: deeptools
[2021-10-02 03:51:54,987] multiqc                                            [DEBUG  ]  No samples found: disambiguate
[2021-10-02 03:51:55,025] multiqc                                            [DEBUG  ]  No samples found: dragen
[2021-10-02 03:51:55,036] multiqc                                            [DEBUG  ]  No samples found: fastp
[2021-10-02 03:51:55,046] multiqc                                            [DEBUG  ]  No samples found: fastq_screen
[2021-10-02 03:51:55,057] multiqc                                            [DEBUG  ]  No samples found: featureCounts
[2021-10-02 03:51:55,072] multiqc                                            [DEBUG  ]  No samples found: fgbio
[2021-10-02 03:51:55,083] multiqc                                            [DEBUG  ]  No samples found: flash
[2021-10-02 03:51:55,093] multiqc                                            [DEBUG  ]  No samples found: flexbar
[2021-10-02 03:51:55,108] multiqc                                            [DEBUG  ]  No samples found: gatk
[2021-10-02 03:51:55,119] multiqc                                            [DEBUG  ]  No samples found: happy
[2021-10-02 03:51:55,130] multiqc                                            [DEBUG  ]  No samples found: hicexplorer
[2021-10-02 03:51:55,140] multiqc                                            [DEBUG  ]  No samples found: hicpro
[2021-10-02 03:51:55,151] multiqc                                            [DEBUG  ]  No samples found: hicup
[2021-10-02 03:51:55,161] multiqc                                            [DEBUG  ]  No samples found: hisat2
[2021-10-02 03:51:55,176] multiqc                                            [DEBUG  ]  No samples found: homer
[2021-10-02 03:51:55,187] multiqc                                            [DEBUG  ]  No samples found: htseq
[2021-10-02 03:51:55,198] multiqc                                            [DEBUG  ]  No samples found: interop
[2021-10-02 03:51:55,210] multiqc                                            [DEBUG  ]  No samples found: ivar
[2021-10-02 03:51:55,221] multiqc                                            [DEBUG  ]  No samples found: jellyfish
[2021-10-02 03:51:55,231] multiqc                                            [DEBUG  ]  No samples found: kaiju
[2021-10-02 03:51:55,242] multiqc                                            [DEBUG  ]  No samples found: kallisto
[2021-10-02 03:51:55,252] multiqc                                            [DEBUG  ]  No samples found: kat
[2021-10-02 03:51:55,262] multiqc                                            [DEBUG  ]  No samples found: kraken
[2021-10-02 03:51:55,273] multiqc                                            [DEBUG  ]  No samples found: leehom
[2021-10-02 03:51:55,284] multiqc                                            [DEBUG  ]  No samples found: longranger
[2021-10-02 03:51:55,294] multiqc                                            [DEBUG  ]  No samples found: macs2
[2021-10-02 03:51:55,305] multiqc                                            [DEBUG  ]  No samples found: malt
[2021-10-02 03:51:55,315] multiqc                                            [DEBUG  ]  No samples found: methylQA
[2021-10-02 03:51:55,326] multiqc                                            [DEBUG  ]  No samples found: minionqc
[2021-10-02 03:51:55,336] multiqc                                            [DEBUG  ]  No samples found: mirtop
[2021-10-02 03:51:55,346] multiqc                                            [DEBUG  ]  No samples found: mirtrace
[2021-10-02 03:51:55,356] multiqc                                            [DEBUG  ]  No samples found: mosdepth
[2021-10-02 03:51:55,366] multiqc                                            [DEBUG  ]  No samples found: mtnucratio
[2021-10-02 03:51:55,376] multiqc                                            [DEBUG  ]  No samples found: multivcfanalyzer
[2021-10-02 03:51:55,387] multiqc                                            [DEBUG  ]  No samples found: phantompeakqualtools
[2021-10-02 03:51:55,397] multiqc                                            [DEBUG  ]  No samples found: prokka
[2021-10-02 03:51:55,408] multiqc                                            [DEBUG  ]  No samples found: pycoqc
[2021-10-02 03:51:55,418] multiqc                                            [DEBUG  ]  No samples found: qorts
[2021-10-02 03:51:55,430] multiqc                                            [DEBUG  ]  No samples found: quast
[2021-10-02 03:51:55,441] multiqc                                            [DEBUG  ]  No samples found: rna_seqc
[2021-10-02 03:51:55,451] multiqc                                            [DEBUG  ]  No samples found: rockhopper
[2021-10-02 03:51:55,462] multiqc                                            [DEBUG  ]  No samples found: rsem
[2021-10-02 03:51:55,490] multiqc                                            [DEBUG  ]  No samples found: rseqc
[2021-10-02 03:51:55,501] multiqc                                            [DEBUG  ]  No samples found: samblaster
[2021-10-02 03:51:55,511] multiqc                                            [DEBUG  ]  No samples found: sargasso
[2021-10-02 03:51:55,521] multiqc                                            [DEBUG  ]  No samples found: seqyclean
[2021-10-02 03:51:55,532] multiqc                                            [DEBUG  ]  No samples found: sexdeterrmine
[2021-10-02 03:51:55,542] multiqc                                            [DEBUG  ]  No samples found: sickle
[2021-10-02 03:51:55,552] multiqc                                            [DEBUG  ]  No samples found: skewer
[2021-10-02 03:51:55,563] multiqc                                            [DEBUG  ]  No samples found: slamdunk
[2021-10-02 03:51:55,573] multiqc                                            [DEBUG  ]  No samples found: snpsplit
[2021-10-02 03:51:55,584] multiqc                                            [DEBUG  ]  No samples found: somalier
[2021-10-02 03:51:55,595] multiqc                                            [DEBUG  ]  No samples found: sortmerna
[2021-10-02 03:51:55,605] multiqc                                            [DEBUG  ]  No samples found: stacks
[2021-10-02 03:51:55,616] multiqc                                            [DEBUG  ]  No samples found: supernova
[2021-10-02 03:51:55,626] multiqc                                            [DEBUG  ]  No samples found: theta2
[2021-10-02 03:51:55,637] multiqc                                            [DEBUG  ]  No samples found: tophat
[2021-10-02 03:51:55,647] multiqc                                            [DEBUG  ]  No samples found: trimmomatic
[2021-10-02 03:51:55,658] multiqc                                            [DEBUG  ]  No samples found: varscan2
[2021-10-02 03:51:55,677] multiqc                                            [DEBUG  ]  No samples found: vcftools
[2021-10-02 03:51:55,689] multiqc                                            [DEBUG  ]  No samples found: verifybamid
[2021-10-02 03:51:55,714] multiqc.multiqc_bcbio                              [INFO   ]  Found 12 reports
[2021-10-02 03:51:55,758] multiqc.modules.samtools.samtools                  [INFO   ]  Found 12 stats reports
[2021-10-02 03:51:55,792] multiqc.modules.samtools.samtools                  [INFO   ]  Found 12 idxstats reports
[2021-10-02 03:51:55,803] multiqc                                            [DEBUG  ]  No samples found: goleft_indexcov
[2021-10-02 03:51:55,814] multiqc                                            [DEBUG  ]  No samples found: peddy
[2021-10-02 03:51:55,826] multiqc                                            [DEBUG  ]  No samples found: bcftools
[2021-10-02 03:51:55,838] multiqc                                            [DEBUG  ]  No samples found: salmon
[2021-10-02 03:51:55,848] multiqc                                            [DEBUG  ]  No samples found: star
[2021-10-02 03:51:55,851] multiqc                                            [DEBUG  ]  No samples found: picard
[2021-10-02 03:51:55,857] multiqc                                            [DEBUG  ]  No samples found: qualimap
[2021-10-02 03:51:55,867] multiqc                                            [DEBUG  ]  No samples found: snpeff
[2021-10-02 03:51:55,878] multiqc                                            [DEBUG  ]  No samples found: bismark
[2021-10-02 03:51:56,659] multiqc.modules.fastqc.fastqc                      [INFO   ]  Found 12 reports
[2021-10-02 03:51:56,792] multiqc                                            [DEBUG  ]  No samples found: preseq
[2021-10-02 03:51:56,899] multiqc                                            [INFO   ]  Compressing plot data
[2021-10-02 03:51:57,154] multiqc                                            [INFO   ]  Report      : ../../bcbiotx/tmprkhpnxda/multiqc_report.html
[2021-10-02 03:51:57,155] multiqc                                            [INFO   ]  Data        : ../../bcbiotx/tmprkhpnxda/multiqc_data
[2021-10-02 03:51:57,155] multiqc                                            [DEBUG  ]  Moving data file from '/tmp/tmplot88p_e/multiqc_data' to '/n/scratch3/users/b/bs218/ATAC-Seq_Processing/kras_colon/work/bcbiotx/tmprkhpnxda/multiqc_data'
[2021-10-02 03:51:57,441] multiqc                                            [INFO   ]  MultiQC complete
